[08Jul2025 00:00:21.005] [Server thread/INFO] [net.minecraft.server.network.ServerGamePacketListenerImpl/]: agustinnfes2 lost connection: Timed out
[08Jul2025 00:00:21.008] [Server thread/INFO] [net.minecraft.server.MinecraftServer/]: agustinnfes2 left the game
[08Jul2025 00:01:25.158] [Server thread/INFO] [net.minecraft.server.players.PlayerList/]: BozzNofps[/127.249.45.252:51837] logged in with entity id 3365 at (282.12134124468906, 74.0, 353.28815334476275)
[08Jul2025 00:01:25.212] [Server thread/INFO] [net.minecraft.server.MinecraftServer/]: BozzNofps joined the game
[08Jul2025 00:01:25.274] [Server thread/INFO] [Jade/]: Syncing config to BozzNofps (22592360-5cd4-3e8f-9fc0-96977e63922e)
[08Jul2025 00:03:37.513] [Server thread/INFO] [net.minecraft.server.players.PlayerList/]: agustinnfes2[/127.220.229.95:33639] logged in with entity id 4606 at (556.2898157142707, 89.0, 695.7617340392084)
[08Jul2025 00:03:37.529] [Server thread/INFO] [net.minecraft.server.MinecraftServer/]: agustinnfes2 joined the game
[08Jul2025 00:03:37.551] [Server thread/INFO] [Jade/]: Syncing config to agustinnfes2 (d7072c52-a1ba-3ad3-bd6c-c7ea7e4745b8)
[08Jul2025 00:04:07.607] [Server thread/INFO] [net.minecraft.server.network.ServerGamePacketListenerImpl/]: agustinnfes2 lost connection: Timed out
[08Jul2025 00:04:07.607] [Server thread/INFO] [net.minecraft.server.MinecraftServer/]: agustinnfes2 left the game
[08Jul2025 00:08:23.103] [Server thread/INFO] [net.minecraft.server.MinecraftServer/]: BozzNofps has made the advancement [Take Aim]
[08Jul2025 00:11:01.913] [Server thread/INFO] [net.minecraft.server.players.PlayerList/]: agustinnfes2[/127.220.229.95:52389] logged in with entity id 9252 at (556.2898157142707, 89.0, 695.7617340392084)
[08Jul2025 00:11:01.930] [Server thread/INFO] [net.minecraft.server.MinecraftServer/]: agustinnfes2 joined the game
[08Jul2025 00:11:01.941] [Server thread/INFO] [Jade/]: Syncing config to agustinnfes2 (d7072c52-a1ba-3ad3-bd6c-c7ea7e4745b8)
[08Jul2025 00:13:17.155] [Server thread/INFO] [net.minecraft.server.network.ServerGamePacketListenerImpl/]: agustinnfes2 lost connection: Timed out
[08Jul2025 00:13:17.156] [Server thread/INFO] [net.minecraft.server.MinecraftServer/]: agustinnfes2 left the game
[08Jul2025 00:13:51.296] [Server thread/INFO] [net.minecraft.server.network.ServerLoginPacketListenerImpl/]: com.mojang.authlib.GameProfile@21b6fd8a[id=<null>,name=agustinnfes2,properties={},legacy=false] (/127.220.229.95:39415) lost connection: Disconnected
[08Jul2025 00:13:59.567] [Server thread/INFO] [net.minecraft.server.players.PlayerList/]: agustinnfes2[/127.220.229.95:58079] logged in with entity id 11836 at (556.2898157142707, 89.0, 695.7617340392084)
[08Jul2025 00:13:59.591] [Server thread/INFO] [net.minecraft.server.MinecraftServer/]: agustinnfes2 joined the game
[08Jul2025 00:13:59.611] [Server thread/INFO] [Jade/]: Syncing config to agustinnfes2 (d7072c52-a1ba-3ad3-bd6c-c7ea7e4745b8)
[08Jul2025 00:14:11.183] [Server thread/INFO] [net.minecraft.server.MinecraftServer/]: [BozzNofps: Teleported agustinnfes2 to BozzNofps]
[08Jul2025 00:14:44.699] [Server thread/INFO] [net.minecraft.server.network.ServerGamePacketListenerImpl/]: agustinnfes2 lost connection: Timed out
[08Jul2025 00:14:44.700] [Server thread/INFO] [net.minecraft.server.MinecraftServer/]: agustinnfes2 left the game
[08Jul2025 00:15:35.229] [Server thread/INFO] [net.minecraft.server.MinecraftServer/]: Soficordoba13 has made the advancement [Going Clubbing]
[08Jul2025 00:16:38.355] [Server thread/INFO] [net.minecraft.server.players.PlayerList/]: agustinnfes2[/127.220.229.95:59571] logged in with entity id 13150 at (285.9068777861697, 74.0, 350.98750001192093)
[08Jul2025 00:16:38.373] [Server thread/INFO] [net.minecraft.server.MinecraftServer/]: agustinnfes2 joined the game
[08Jul2025 00:16:38.437] [Server thread/INFO] [Jade/]: Syncing config to agustinnfes2 (d7072c52-a1ba-3ad3-bd6c-c7ea7e4745b8)
[08Jul2025 00:17:07.853] [Server thread/INFO] [net.minecraft.server.MinecraftServer/]: BozzNofps has made the advancement [A not-so-pointy Stick!]
[08Jul2025 00:17:07.858] [Server thread/INFO] [net.minecraft.server.MinecraftServer/]: BozzNofps has made the advancement [Diamonds!]
[08Jul2025 00:17:29.399] [Server thread/INFO] [net.minecraft.server.MinecraftServer/]: BozzNofps drowned
[08Jul2025 00:17:30.098] [Server thread/INFO] [net.minecraft.server.MinecraftServer/]: Soficordoba13 drowned
[08Jul2025 00:17:38.453] [Server thread/INFO] [net.minecraft.server.network.ServerGamePacketListenerImpl/]: agustinnfes2 lost connection: Timed out
[08Jul2025 00:17:38.454] [Server thread/INFO] [net.minecraft.server.MinecraftServer/]: agustinnfes2 left the game
[08Jul2025 00:17:49.233] [Server thread/INFO] [net.minecraft.server.MinecraftServer/]: [BozzNofps: Teleported BozzNofps to Soficordoba13]
[08Jul2025 00:17:53.360] [Server thread/INFO] [net.minecraft.server.players.PlayerList/]: agustinnfes2[/127.220.229.95:41771] logged in with entity id 14369 at (292.0758942967556, 75.0, 354.9068007773246)
[08Jul2025 00:17:53.375] [Server thread/INFO] [net.minecraft.server.MinecraftServer/]: agustinnfes2 joined the game
[08Jul2025 00:17:53.474] [Server thread/INFO] [Jade/]: Syncing config to agustinnfes2 (d7072c52-a1ba-3ad3-bd6c-c7ea7e4745b8)
[08Jul2025 00:18:37.907] [Server thread/INFO] [net.minecraft.server.MinecraftServer/]: BozzNofps has made the advancement [Suit Up]
[08Jul2025 00:18:38.502] [Server thread/INFO] [net.minecraft.server.network.ServerGamePacketListenerImpl/]: agustinnfes2 lost connection: Timed out
[08Jul2025 00:18:38.502] [Server thread/INFO] [net.minecraft.server.MinecraftServer/]: agustinnfes2 left the game
[08Jul2025 00:21:39.307] [Server thread/INFO] [net.minecraft.server.players.PlayerList/]: agustinnfes2[/127.220.229.95:38753] logged in with entity id 16982 at (292.0758942967556, 75.0, 354.9068007773246)
[08Jul2025 00:21:39.320] [Server thread/INFO] [net.minecraft.server.MinecraftServer/]: agustinnfes2 joined the game
[08Jul2025 00:21:39.378] [Server thread/INFO] [Jade/]: Syncing config to agustinnfes2 (d7072c52-a1ba-3ad3-bd6c-c7ea7e4745b8)
[08Jul2025 00:22:09.401] [Server thread/INFO] [net.minecraft.server.network.ServerGamePacketListenerImpl/]: agustinnfes2 lost connection: Timed out
[08Jul2025 00:22:09.401] [Server thread/INFO] [net.minecraft.server.MinecraftServer/]: agustinnfes2 left the game
